TN:
SF:src/getDefaultExtensions.ts
FN:17,(anonymous_0)
FNF:1
FNH:1
FNDA:30,(anonymous_0)
DA:17,1
DA:25,30
DA:26,30
DA:27,30
DA:37,30
DA:38,30
DA:40,30
DA:41,30
DA:42,30
DA:44,0
DA:47,30
DA:48,4
DA:50,30
DA:52,28
DA:53,28
DA:55,2
DA:56,2
DA:58,0
DA:60,0
DA:61,0
DA:63,30
DA:64,4
DA:66,30
DA:67,0
DA:70,30
LF:25
LH:20
BRDA:17,0,0,0
BRDA:19,1,0,0
BRDA:20,2,0,0
BRDA:21,3,0,0
BRDA:22,4,0,0
BRDA:23,5,0,0
BRDA:24,6,0,0
BRDA:37,7,0,30
BRDA:37,7,1,0
BRDA:40,8,0,30
BRDA:40,8,1,0
BRDA:41,9,0,30
BRDA:41,9,1,0
BRDA:47,10,0,4
BRDA:47,10,1,26
BRDA:50,11,0,28
BRDA:50,11,1,2
BRDA:50,11,2,0
BRDA:50,11,3,0
BRDA:63,12,0,4
BRDA:63,12,1,26
BRDA:66,13,0,0
BRDA:66,13,1,30
BRF:23
BRH:10
end_of_record
TN:
SF:src/index.tsx
FN:89,(anonymous_0)
FN:143,(anonymous_1)
FNF:2
FNH:2
FNDA:30,(anonymous_0)
FNDA:4,(anonymous_1)
DA:89,1
DA:115,30
DA:116,30
DA:117,30
DA:143,30
DA:151,30
DA:152,0
DA:155,30
DA:156,30
DA:159,1
LF:10
LH:9
BRDA:92,0,0,13
BRDA:94,1,0,30
BRDA:100,2,0,28
BRDA:151,3,0,0
BRDA:151,3,1,30
BRDA:155,4,0,30
BRDA:155,4,1,0
BRDA:156,5,0,9
BRDA:156,5,1,21
BRF:9
BRH:7
end_of_record
TN:
SF:src/useCodeMirror.ts
FN:14,useCodeMirror
FN:52,(anonymous_1)
FN:58,(anonymous_2)
FN:83,(anonymous_3)
FN:104,(anonymous_4)
FN:112,(anonymous_5)
FN:115,(anonymous_6)
FN:115,(anonymous_7)
FN:124,(anonymous_8)
FN:130,(anonymous_9)
FN:153,(anonymous_10)
FNF:11
FNH:11
FNDA:30,useCodeMirror
FNDA:11,(anonymous_1)
FNDA:2,(anonymous_2)
FNDA:28,(anonymous_3)
FNDA:26,(anonymous_4)
FNDA:14,(anonymous_5)
FNDA:14,(anonymous_6)
FNDA:12,(anonymous_7)
FNDA:14,(anonymous_8)
FNDA:29,(anonymous_9)
FNDA:15,(anonymous_10)
DA:8,1
DA:38,30
DA:39,30
DA:40,30
DA:41,30
DA:42,30
DA:52,30
DA:53,11
DA:58,2
DA:60,1
DA:61,1
DA:62,1
DA:64,11
DA:67,30
DA:76,30
DA:78,30
DA:79,4
DA:81,30
DA:83,30
DA:84,28
DA:85,6
DA:90,6
DA:93,6
DA:94,6
DA:95,6
DA:100,6
DA:101,6
DA:104,28
DA:105,26
DA:106,6
DA:107,6
DA:112,30
DA:114,30
DA:115,14
DA:116,12
DA:117,6
DA:118,6
DA:124,30
DA:125,14
DA:126,2
DA:130,30
DA:131,29
DA:132,7
DA:153,30
DA:154,15
DA:155,0
DA:157,15
DA:158,15
DA:159,1
DA:166,30
LF:50
LH:49
BRDA:22,0,0,0
BRDA:24,1,0,0
BRDA:25,2,0,30
BRDA:26,3,0,30
BRDA:27,4,0,30
BRDA:28,5,0,26
BRDA:29,6,0,30
BRDA:30,7,0,30
BRDA:31,8,0,30
BRDA:32,9,0,26
BRDA:33,10,0,30
BRDA:34,11,0,30
BRDA:35,12,0,30
BRDA:53,13,0,1
BRDA:53,13,1,10
BRDA:54,14,0,11
BRDA:54,14,1,2
BRDA:54,14,2,2
BRDA:64,15,0,11
BRDA:64,15,1,0
BRDA:78,16,0,4
BRDA:78,16,1,26
BRDA:78,17,0,30
BRDA:78,17,1,4
BRDA:84,18,0,6
BRDA:84,18,1,22
BRDA:84,19,0,28
BRDA:84,19,1,12
BRDA:90,20,0,0
BRDA:90,20,1,6
BRDA:94,21,0,6
BRDA:94,21,1,0
BRDA:101,22,0,6
BRDA:101,22,1,0
BRDA:105,23,0,6
BRDA:105,23,1,20
BRDA:116,24,0,6
BRDA:116,24,1,6
BRDA:125,25,0,2
BRDA:125,25,1,12
BRDA:125,26,0,14
BRDA:125,26,1,4
BRDA:131,27,0,7
BRDA:131,27,1,22
BRDA:154,28,0,0
BRDA:154,28,1,15
BRDA:157,29,0,7
BRDA:157,29,1,8
BRDA:158,30,0,1
BRDA:158,30,1,14
BRDA:158,31,0,15
BRDA:158,31,1,7
BRDA:160,32,0,1
BRDA:160,32,1,0
BRF:54
BRH:46
end_of_record
TN:
SF:src/utils.ts
FN:34,(anonymous_0)
FN:46,(anonymous_1)
FN:47,(anonymous_2)
FNF:3
FNH:0
FNDA:0,(anonymous_0)
FNDA:0,(anonymous_1)
FNDA:0,(anonymous_2)
DA:34,1
DA:35,0
DA:46,0
DA:47,0
LF:4
LH:1
BRF:0
BRH:0
end_of_record
TN:
SF:src/theme/light.ts
FNF:0
FNH:0
DA:3,0
LF:1
LH:0
BRF:0
BRH:0
end_of_record
