TN:
SF:src/getDefaultExtensions.ts
FN:21,(anonymous_0)
FNF:1
FNH:1
FNDA:30,(anonymous_0)
DA:21,1
DA:29,30
DA:30,30
DA:31,30
DA:32,30
DA:34,30
DA:35,30
DA:36,30
DA:38,0
DA:41,30
DA:42,4
DA:44,30
DA:46,28
DA:47,28
DA:49,2
DA:50,2
DA:52,0
DA:54,0
DA:55,0
DA:57,30
DA:58,4
DA:60,30
DA:61,0
DA:64,30
LF:24
LH:19
BRDA:21,0,0,0
BRDA:23,1,0,0
BRDA:24,2,0,0
BRDA:25,3,0,0
BRDA:26,4,0,0
BRDA:27,5,0,0
BRDA:28,6,0,0
BRDA:31,7,0,30
BRDA:31,7,1,0
BRDA:34,8,0,30
BRDA:34,8,1,0
BRDA:35,9,0,30
BRDA:35,9,1,0
BRDA:41,10,0,4
BRDA:41,10,1,26
BRDA:44,11,0,28
BRDA:44,11,1,2
BRDA:44,11,2,0
BRDA:44,11,3,0
BRDA:57,12,0,4
BRDA:57,12,1,26
BRDA:60,13,0,0
BRDA:60,13,1,30
BRF:23
BRH:10
end_of_record
TN:
SF:src/index.tsx
FN:89,(anonymous_0)
FN:143,(anonymous_1)
FNF:2
FNH:2
FNDA:30,(anonymous_0)
FNDA:4,(anonymous_1)
DA:89,1
DA:115,30
DA:116,30
DA:117,30
DA:143,30
DA:151,30
DA:152,0
DA:155,30
DA:156,30
DA:159,1
LF:10
LH:9
BRDA:92,0,0,13
BRDA:94,1,0,30
BRDA:100,2,0,28
BRDA:151,3,0,0
BRDA:151,3,1,30
BRDA:155,4,0,30
BRDA:155,4,1,0
BRDA:156,5,0,9
BRDA:156,5,1,21
BRF:9
BRH:7
end_of_record
TN:
SF:src/useCodeMirror.ts
FN:14,useCodeMirror
FN:55,(anonymous_1)
FN:61,(anonymous_2)
FN:86,(anonymous_3)
FN:107,(anonymous_4)
FN:115,(anonymous_5)
FN:118,(anonymous_6)
FN:118,(anonymous_7)
FN:127,(anonymous_8)
FN:133,(anonymous_9)
FN:156,(anonymous_10)
FNF:11
FNH:11
FNDA:30,useCodeMirror
FNDA:11,(anonymous_1)
FNDA:2,(anonymous_2)
FNDA:28,(anonymous_3)
FNDA:26,(anonymous_4)
FNDA:14,(anonymous_5)
FNDA:14,(anonymous_6)
FNDA:12,(anonymous_7)
FNDA:14,(anonymous_8)
FNDA:29,(anonymous_9)
FNDA:15,(anonymous_10)
DA:8,1
DA:38,30
DA:39,30
DA:40,30
DA:41,30
DA:42,30
DA:55,30
DA:56,11
DA:61,2
DA:63,1
DA:64,1
DA:65,1
DA:67,11
DA:70,30
DA:79,30
DA:81,30
DA:82,4
DA:84,30
DA:86,30
DA:87,28
DA:88,6
DA:93,6
DA:96,6
DA:97,6
DA:98,6
DA:103,6
DA:104,6
DA:107,28
DA:108,26
DA:109,6
DA:110,6
DA:115,30
DA:117,30
DA:118,14
DA:119,12
DA:120,6
DA:121,6
DA:127,30
DA:128,14
DA:129,2
DA:133,30
DA:134,29
DA:135,7
DA:156,30
DA:157,15
DA:158,0
DA:160,15
DA:161,15
DA:162,1
DA:169,30
LF:50
LH:49
BRDA:22,0,0,0
BRDA:24,1,0,0
BRDA:25,2,0,30
BRDA:26,3,0,30
BRDA:27,4,0,30
BRDA:28,5,0,26
BRDA:29,6,0,30
BRDA:30,7,0,30
BRDA:31,8,0,30
BRDA:32,9,0,26
BRDA:33,10,0,30
BRDA:34,11,0,30
BRDA:35,12,0,30
BRDA:56,13,0,1
BRDA:56,13,1,10
BRDA:57,14,0,11
BRDA:57,14,1,2
BRDA:57,14,2,2
BRDA:67,15,0,11
BRDA:67,15,1,0
BRDA:81,16,0,4
BRDA:81,16,1,26
BRDA:81,17,0,30
BRDA:81,17,1,4
BRDA:87,18,0,6
BRDA:87,18,1,22
BRDA:87,19,0,28
BRDA:87,19,1,12
BRDA:93,20,0,0
BRDA:93,20,1,6
BRDA:97,21,0,6
BRDA:97,21,1,0
BRDA:104,22,0,6
BRDA:104,22,1,0
BRDA:108,23,0,6
BRDA:108,23,1,20
BRDA:119,24,0,6
BRDA:119,24,1,6
BRDA:128,25,0,2
BRDA:128,25,1,12
BRDA:128,26,0,14
BRDA:128,26,1,4
BRDA:134,27,0,7
BRDA:134,27,1,22
BRDA:157,28,0,0
BRDA:157,28,1,15
BRDA:160,29,0,7
BRDA:160,29,1,8
BRDA:161,30,0,1
BRDA:161,30,1,14
BRDA:161,31,0,15
BRDA:161,31,1,7
BRDA:163,32,0,1
BRDA:163,32,1,0
BRF:54
BRH:46
end_of_record
TN:
SF:src/utils.ts
FN:34,(anonymous_0)
FN:46,(anonymous_1)
FN:47,(anonymous_2)
FNF:3
FNH:0
FNDA:0,(anonymous_0)
FNDA:0,(anonymous_1)
FNDA:0,(anonymous_2)
DA:34,1
DA:35,0
DA:46,0
DA:47,0
LF:4
LH:1
BRF:0
BRH:0
end_of_record
TN:
SF:src/theme/light.ts
FNF:0
FNH:0
DA:3,1
LF:1
LH:1
BRF:0
BRH:0
end_of_record
